<?xml version="1.0" encoding="UTF-8"?>
<!-- Generated by org.testng.reporters.JUnitReportReporter -->
<testsuite hostname="LTIN248952" failures="0" tests="18" name="testCases.TC_002_CarInsuranceTest" time="32.985" errors="0" timestamp="2024-03-01T17:05:17 IST" skipped="0">
  <testcase classname="testCases.TC_002_CarInsuranceTest" name="test_HomePage" time="8.672"/>
  <system-out/>
  <testcase classname="testCases.TC_002_CarInsuranceTest" name="test_HomePage" time="7.419"/>
  <system-out/>
  <testcase classname="testCases.TC_002_CarInsuranceTest" name="test_carQuote" time="4.496"/>
  <system-out/>
  <testcase classname="testCases.TC_002_CarInsuranceTest" name="test_carQuote" time="4.641"/>
  <system-out/>
  <testcase classname="testCases.TC_002_CarInsuranceTest" name="test_carCityAndRto" time="0.694"/>
  <system-out/>
  <testcase classname="testCases.TC_002_CarInsuranceTest" name="test_carCityAndRto" time="0.547"/>
  <system-out/>
  <testcase classname="testCases.TC_002_CarInsuranceTest" name="test_carBrand" time="0.208"/>
  <system-out/>
  <testcase classname="testCases.TC_002_CarInsuranceTest" name="test_carBrand" time="0.320"/>
  <system-out/>
  <testcase classname="testCases.TC_002_CarInsuranceTest" name="test_carModel" time="0.286"/>
  <system-out/>
  <testcase classname="testCases.TC_002_CarInsuranceTest" name="test_carModel" time="0.426"/>
  <system-out/>
  <testcase classname="testCases.TC_002_CarInsuranceTest" name="test_carFuelType" time="0.384"/>
  <system-out/>
  <testcase classname="testCases.TC_002_CarInsuranceTest" name="test_carFuelType" time="0.306"/>
  <system-out/>
  <testcase classname="testCases.TC_002_CarInsuranceTest" name="test_carVariant" time="0.287"/>
  <system-out/>
  <testcase classname="testCases.TC_002_CarInsuranceTest" name="test_carVariant" time="0.306"/>
  <system-out/>
  <testcase classname="testCases.TC_002_CarInsuranceTest" name="test_userDetails" time="2.292"/>
  <system-out/>
  <testcase classname="testCases.TC_002_CarInsuranceTest" name="test_userDetails" time="1.522"/>
  <system-out/>
  <testcase classname="testCases.TC_002_CarInsuranceTest" name="test_captureErrorMsg" time="0.107"/>
  <system-out/>
  <testcase classname="testCases.TC_002_CarInsuranceTest" name="test_captureErrorMsg" time="0.072"/>
  <system-out/>
</testsuite> <!-- testCases.TC_002_CarInsuranceTest -->
