<?xml version="1.0" encoding="UTF-8"?>
<!-- Generated by org.testng.reporters.JUnitReportReporter -->
<testsuite hostname="LTIN248952" failures="0" tests="2" name="testCases.TC_003_HealthInsuranceTest" time="31.335" errors="0" timestamp="2024-03-01T17:05:17 IST" skipped="0">
  <testcase classname="testCases.TC_003_HealthInsuranceTest" name="test_MenuItems" time="15.495"/>
  <system-out/>
  <testcase classname="testCases.TC_003_HealthInsuranceTest" name="test_MenuItems" time="15.840"/>
  <system-out/>
</testsuite> <!-- testCases.TC_003_HealthInsuranceTest -->
