<?xml version="1.0" encoding="UTF-8"?>
<!-- Generated by org.testng.reporters.JUnitReportReporter -->
<testsuite hostname="LTIN248952" failures="0" tests="9" name="testCases.TC_002_CarInsuranceTest" time="11.808" errors="0" timestamp="2024-03-14T17:34:31 IST" skipped="0">
  <testcase classname="testCases.TC_002_CarInsuranceTest" name="test_HomePage" time="4.924"/>
  <system-out/>
  <testcase classname="testCases.TC_002_CarInsuranceTest" name="test_carQuote" time="3.224"/>
  <system-out/>
  <testcase classname="testCases.TC_002_CarInsuranceTest" name="test_carCityAndRto" time="0.759"/>
  <system-out/>
  <testcase classname="testCases.TC_002_CarInsuranceTest" name="test_carBrand" time="0.188"/>
  <system-out/>
  <testcase classname="testCases.TC_002_CarInsuranceTest" name="test_carModel" time="0.783"/>
  <system-out/>
  <testcase classname="testCases.TC_002_CarInsuranceTest" name="test_carFuelType" time="0.313"/>
  <system-out/>
  <testcase classname="testCases.TC_002_CarInsuranceTest" name="test_carVariant" time="0.255"/>
  <system-out/>
  <testcase classname="testCases.TC_002_CarInsuranceTest" name="test_userDetails" time="1.272"/>
  <system-out/>
  <testcase classname="testCases.TC_002_CarInsuranceTest" name="test_captureErrorMsg" time="0.090"/>
  <system-out/>
</testsuite> <!-- testCases.TC_002_CarInsuranceTest -->
