<?xml version="1.0" encoding="UTF-8"?>
<!-- Generated by org.testng.reporters.JUnitReportReporter -->
<testsuite hostname="LTIN248952" failures="0" tests="8" name="testCases.TC_001_TravelInsuranceTest" time="45.666" errors="0" timestamp="2024-03-14T17:34:31 IST" skipped="0">
  <testcase classname="testCases.TC_001_TravelInsuranceTest" name="test_HomePage" time="1.033"/>
  <system-out/>
  <testcase classname="testCases.TC_001_TravelInsuranceTest" name="test_Destinations" time="9.204"/>
  <system-out/>
  <testcase classname="testCases.TC_001_TravelInsuranceTest" name="test_TripDate" time="8.439"/>
  <system-out/>
  <testcase classname="testCases.TC_001_TravelInsuranceTest" name="test_Travellers" time="6.202"/>
  <system-out/>
  <testcase classname="testCases.TC_001_TravelInsuranceTest" name="test_MedicalHistory" time="0.397"/>
  <system-out/>
  <testcase classname="testCases.TC_001_TravelInsuranceTest" name="test_contactDetails" time="2.405"/>
  <system-out/>
  <testcase classname="testCases.TC_001_TravelInsuranceTest" name="test_StudentPlans" time="13.594"/>
  <system-out/>
  <testcase classname="testCases.TC_001_TravelInsuranceTest" name="test_DisplayTravelInsurance" time="4.392"/>
  <system-out/>
</testsuite> <!-- testCases.TC_001_TravelInsuranceTest -->
