<?xml version="1.0" encoding="UTF-8"?>
<!-- Generated by org.testng.reporters.JUnitReportReporter -->
<testsuite hostname="LTIN248952" failures="0" tests="16" name="testCases.TC_001_TravelInsuranceTest" time="110.140" errors="0" timestamp="2024-03-01T17:05:17 IST" skipped="0">
  <testcase classname="testCases.TC_001_TravelInsuranceTest" name="test_HomePage" time="7.494"/>
  <system-out/>
  <testcase classname="testCases.TC_001_TravelInsuranceTest" name="test_HomePage" time="5.560"/>
  <system-out/>
  <testcase classname="testCases.TC_001_TravelInsuranceTest" name="test_Destinations" time="1.334"/>
  <system-out/>
  <testcase classname="testCases.TC_001_TravelInsuranceTest" name="test_Destinations" time="1.618"/>
  <system-out/>
  <testcase classname="testCases.TC_001_TravelInsuranceTest" name="test_TripDate" time="6.079"/>
  <system-out/>
  <testcase classname="testCases.TC_001_TravelInsuranceTest" name="test_TripDate" time="5.715"/>
  <system-out/>
  <testcase classname="testCases.TC_001_TravelInsuranceTest" name="test_Travellers" time="11.137"/>
  <system-out/>
  <testcase classname="testCases.TC_001_TravelInsuranceTest" name="test_Travellers" time="5.813"/>
  <system-out/>
  <testcase classname="testCases.TC_001_TravelInsuranceTest" name="test_MedicalHistory" time="0.806"/>
  <system-out/>
  <testcase classname="testCases.TC_001_TravelInsuranceTest" name="test_MedicalHistory" time="0.691"/>
  <system-out/>
  <testcase classname="testCases.TC_001_TravelInsuranceTest" name="test_contactDetails" time="3.292"/>
  <system-out/>
  <testcase classname="testCases.TC_001_TravelInsuranceTest" name="test_contactDetails" time="2.163"/>
  <system-out/>
  <testcase classname="testCases.TC_001_TravelInsuranceTest" name="test_StudentPlans" time="25.536"/>
  <system-out/>
  <testcase classname="testCases.TC_001_TravelInsuranceTest" name="test_StudentPlans" time="21.662"/>
  <system-out/>
  <testcase classname="testCases.TC_001_TravelInsuranceTest" name="test_DisplayTravelInsurance" time="6.080"/>
  <system-out/>
  <testcase classname="testCases.TC_001_TravelInsuranceTest" name="test_DisplayTravelInsurance" time="5.160"/>
  <system-out/>
</testsuite> <!-- testCases.TC_001_TravelInsuranceTest -->
