<?xml version="1.0" encoding="UTF-8"?>
<!-- Generated by org.testng.reporters.JUnitReportReporter -->
<testsuite hostname="LTIN248952" failures="0" tests="9" name="testCases.TC_002_CarInsuranceTest" time="19.199" errors="0" timestamp="2024-03-01T17:20:23 IST" skipped="0">
  <testcase classname="testCases.TC_002_CarInsuranceTest" name="test_HomePage" time="11.440"/>
  <testcase classname="testCases.TC_002_CarInsuranceTest" name="test_carQuote" time="3.869"/>
  <testcase classname="testCases.TC_002_CarInsuranceTest" name="test_carCityAndRto" time="0.568"/>
  <testcase classname="testCases.TC_002_CarInsuranceTest" name="test_carBrand" time="0.391"/>
  <testcase classname="testCases.TC_002_CarInsuranceTest" name="test_carModel" time="0.391"/>
  <testcase classname="testCases.TC_002_CarInsuranceTest" name="test_carFuelType" time="0.319"/>
  <testcase classname="testCases.TC_002_CarInsuranceTest" name="test_carVariant" time="0.301"/>
  <testcase classname="testCases.TC_002_CarInsuranceTest" name="test_userDetails" time="1.835"/>
  <testcase classname="testCases.TC_002_CarInsuranceTest" name="test_captureErrorMsg" time="0.085"/>
</testsuite> <!-- testCases.TC_002_CarInsuranceTest -->
