<?xml version="1.0" encoding="UTF-8"?>
<!-- Generated by org.testng.reporters.JUnitReportReporter -->
<testsuite hostname="LTIN248952" failures="0" tests="8" name="testCases.TC_001_TravelInsuranceTest" time="50.359" errors="0" timestamp="2024-03-01T17:20:23 IST" skipped="0">
  <testcase classname="testCases.TC_001_TravelInsuranceTest" name="test_HomePage" time="2.193"/>
  <testcase classname="testCases.TC_001_TravelInsuranceTest" name="test_Destinations" time="1.731"/>
  <testcase classname="testCases.TC_001_TravelInsuranceTest" name="test_TripDate" time="5.447"/>
  <testcase classname="testCases.TC_001_TravelInsuranceTest" name="test_Travellers" time="9.949"/>
  <testcase classname="testCases.TC_001_TravelInsuranceTest" name="test_MedicalHistory" time="0.992"/>
  <testcase classname="testCases.TC_001_TravelInsuranceTest" name="test_contactDetails" time="4.867"/>
  <testcase classname="testCases.TC_001_TravelInsuranceTest" name="test_StudentPlans" time="19.725"/>
  <testcase classname="testCases.TC_001_TravelInsuranceTest" name="test_DisplayTravelInsurance" time="5.455"/>
</testsuite> <!-- testCases.TC_001_TravelInsuranceTest -->
